0 info it worked if it ends with ok
1 verbose cli [ 'node', '/Users/ukiy/.nodebrew/current/bin/npm', 'publish' ]
2 info using npm@2.13.0
3 info using node@v0.12.7
4 verbose node symlink /Users/ukiy/.nodebrew/current/bin/node
5 verbose publish [ '.' ]
6 silly cache add args [ '.', null ]
7 verbose cache add spec .
8 silly cache add parsed spec { raw: '.',
8 silly cache add   scope: null,
8 silly cache add   name: null,
8 silly cache add   rawSpec: '.',
8 silly cache add   spec: '/Users/ukiy/Documents/UEC/komachan',
8 silly cache add   type: 'directory' }
9 verbose addLocalDirectory /Users/ukiy/.npm/komachan/0.0.5/package.tgz not in flight; packing
10 verbose tar pack [ '/Users/ukiy/.npm/komachan/0.0.5/package.tgz',
10 verbose tar pack   '/Users/ukiy/Documents/UEC/komachan' ]
11 verbose tarball /Users/ukiy/.npm/komachan/0.0.5/package.tgz
12 verbose folder /Users/ukiy/Documents/UEC/komachan
13 info prepublish komachan@0.0.5
14 verbose addLocalTarball adding from inside cache /Users/ukiy/.npm/komachan/0.0.5/package.tgz
15 silly cache afterAdd komachan@0.0.5
16 verbose afterAdd /Users/ukiy/.npm/komachan/0.0.5/package/package.json not in flight; writing
17 verbose afterAdd /Users/ukiy/.npm/komachan/0.0.5/package/package.json written
18 silly publish { name: 'komachan',
18 silly publish   version: '0.0.5',
18 silly publish   description: 'gogoShogi game client',
18 silly publish   private: false,
18 silly publish   main: 'index.js',
18 silly publish   scripts:
18 silly publish    { test: 'echo "Error: no test specified" && exit 1',
18 silly publish      install: 'node-gyp rebuild' },
18 silly publish   repository: { type: 'git', url: 'git+https://github.com/ukiy/komachan.git' },
18 silly publish   keywords: [ 'js' ],
18 silly publish   author: { name: 'ukiy' },
18 silly publish   license: 'ISC',
18 silly publish   bugs: { url: 'https://github.com/ukiy/komachan/issues' },
18 silly publish   homepage: 'https://github.com/ukiy/komachan#readme',
18 silly publish   devDependencies: {},
18 silly publish   dependencies: { lodash: '^3.10.1', 'require-reload': '^0.2.2' },
18 silly publish   gypfile: true,
18 silly publish   readme: '# komachan-gogoshogi Ai\n\n## This is developing\n',
18 silly publish   readmeFilename: 'README.md',
18 silly publish   gitHead: '022602113278dbf8a41330921a18949bf962661b',
18 silly publish   _id: 'komachan@0.0.5',
18 silly publish   _shasum: '16bd584ec4129eecba838050cf2f75ddf4a8719b',
18 silly publish   _from: '.' }
19 verbose getPublishConfig undefined
20 silly mapToRegistry name komachan
21 silly mapToRegistry using default registry
22 silly mapToRegistry registry https://registry.npmjs.org/
23 silly mapToRegistry uri https://registry.npmjs.org/komachan
24 verbose publish registryBase https://registry.npmjs.org/
25 silly publish uploading /Users/ukiy/.npm/komachan/0.0.5/package.tgz
26 verbose request uri https://registry.npmjs.org/komachan
27 verbose request sending authorization for write operation
28 info attempt registry request try #1 at 10:40:48 PM
29 verbose request using bearer token for auth
30 verbose request id 2ca8de5b9b47a187
31 http request PUT https://registry.npmjs.org/komachan
32 http 403 https://registry.npmjs.org/komachan
33 verbose headers { 'content-type': 'application/json',
33 verbose headers   'cache-control': 'max-age=60',
33 verbose headers   'content-length': '95',
33 verbose headers   'accept-ranges': 'bytes',
33 verbose headers   date: 'Tue, 15 Sep 2015 13:40:49 GMT',
33 verbose headers   via: '1.1 varnish',
33 verbose headers   connection: 'keep-alive',
33 verbose headers   'x-served-by': 'cache-nrt6130-NRT',
33 verbose headers   'x-cache': 'MISS',
33 verbose headers   'x-cache-hits': '0',
33 verbose headers   'x-timer': 'S1442324448.577745,VS0,VE642' }
34 verbose request invalidating /Users/ukiy/.npm/registry.npmjs.org/komachan on PUT
35 error publish Failed PUT 403
36 verbose stack Error: "You cannot publish over the previously published version 0.0.5." : komachan
36 verbose stack     at CachingRegistryClient.<anonymous> (/Users/ukiy/.nodebrew/node/v0.12.7/lib/node_modules/npm/node_modules/npm-registry-client/lib/request.js:247:14)
36 verbose stack     at Request._callback (/Users/ukiy/.nodebrew/node/v0.12.7/lib/node_modules/npm/node_modules/npm-registry-client/lib/request.js:170:14)
36 verbose stack     at Request.self.callback (/Users/ukiy/.nodebrew/node/v0.12.7/lib/node_modules/npm/node_modules/request/request.js:197:22)
36 verbose stack     at Request.emit (events.js:110:17)
36 verbose stack     at Request.<anonymous> (/Users/ukiy/.nodebrew/node/v0.12.7/lib/node_modules/npm/node_modules/request/request.js:1050:14)
36 verbose stack     at Request.emit (events.js:129:20)
36 verbose stack     at IncomingMessage.<anonymous> (/Users/ukiy/.nodebrew/node/v0.12.7/lib/node_modules/npm/node_modules/request/request.js:996:12)
36 verbose stack     at IncomingMessage.emit (events.js:129:20)
36 verbose stack     at _stream_readable.js:908:16
36 verbose stack     at process._tickCallback (node.js:355:11)
37 verbose statusCode 403
38 verbose pkgid komachan
39 verbose cwd /Users/ukiy/Documents/UEC/komachan
40 error Darwin 14.5.0
41 error argv "node" "/Users/ukiy/.nodebrew/current/bin/npm" "publish"
42 error node v0.12.7
43 error npm  v2.13.0
44 error code E403
45 error "You cannot publish over the previously published version 0.0.5." : komachan
46 error If you need help, you may report this error at:
46 error     <https://github.com/npm/npm/issues>
47 verbose exit [ 1, true ]
